[debug] [2021-02-23T15:36:25.260Z] ----------------------------------------------------------------------
[debug] [2021-02-23T15:36:25.263Z] Command:       C:\Program Files\nodejs\node.exe C:\Users\Kallai-Gyorgy\AppData\Roaming\npm\node_modules\firebase-tools\lib\bin\firebase.js init
[debug] [2021-02-23T15:36:25.263Z] CLI Version:   9.5.0
[debug] [2021-02-23T15:36:25.263Z] Platform:      win32
[debug] [2021-02-23T15:36:25.264Z] Node Version:  v15.5.1
[debug] [2021-02-23T15:36:25.264Z] Time:          Tue Feb 23 2021 16:36:25 GMT+0100 (Central European Standard Time)
[debug] [2021-02-23T15:36:25.265Z] ----------------------------------------------------------------------
[debug] [2021-02-23T15:36:25.265Z] 
[debug] [2021-02-23T15:36:25.270Z] > command requires scopes: ["email","openid","https://www.googleapis.com/auth/cloudplatformprojects.readonly","https://www.googleapis.com/auth/firebase","https://www.googleapis.com/auth/cloud-platform"]
[debug] [2021-02-23T15:36:25.270Z] > authorizing via signed-in user
[info] 
     ######## #### ########  ######## ########     ###     ######  ########
     ##        ##  ##     ## ##       ##     ##  ##   ##  ##       ##
     ######    ##  ########  ######   ########  #########  ######  ######
     ##        ##  ##    ##  ##       ##     ## ##     ##       ## ##
     ##       #### ##     ## ######## ########  ##     ##  ######  ########

You're about to initialize a Firebase project in this directory:

  W:\Work\Front-End\VUE_Projects\L2-CHALLENGE-find-a-coach

[info] 
=== Project Setup
[info] 
[info] First, let's associate this project directory with a Firebase project.
[info] You can create multiple project aliases by running firebase use --add, 
[info] but for now we'll just set up a default project.
[info] 
[debug] [2021-02-23T15:37:12.842Z] >>> [apiv2][query] GET https://firebase.googleapis.com/v1beta1/projects pageSize=100
[debug] [2021-02-23T15:37:13.263Z] <<< [apiv2][status] GET https://firebase.googleapis.com/v1beta1/projects 200
[debug] [2021-02-23T15:37:13.264Z] <<< [apiv2][body] GET https://firebase.googleapis.com/v1beta1/projects [omitted]
[info] i  Using project vue-http-b1792 (vue-http) 
[info] 
=== Hosting Setup
[info] 
[info] Your public directory is the folder (relative to your project directory) that
[info] will contain Hosting assets to be uploaded with firebase deploy. If you
[info] have a build process for your assets, use your build's output directory.
[info] 
